warning: Git tree '/home/tesdap/.dots' is dirty
building the system configuration...
warning: Git tree '/home/tesdap/.dots' is dirty
trace: evaluation warning: Passing a attribute set containing name, icon.icon, extraConfig for `home-manager.users.tesdap.programs.nixvim.plugins.lualine.settings.sections.lualine_x."[definition 1-entry 2]"' is deprecated, use (attribute set of anything) or raw lua code instead. Definitions: 
- In `/nix/store/7j08fq81pzh0jkf2i7pizg0njh4w7c9s-source/plugins/statuslines/lualine.nix':
    {
      color = {
        fg = "#ffffff";
      };
      icon = "";
    ...

trace: evaluation warning: tesdap profile: The option `plugins.lualine.sections' defined in `/nix/store/fxgzxqypfi6zdh1gln39gj31vh46ly87-source/home/modules/tui/nixvim/plugins/lualine.nix' has been renamed to `plugins.lualine.settings.sections'.
trace: evaluation warning: tesdap profile: The option `plugins.lualine.globalstatus' defined in `/nix/store/fxgzxqypfi6zdh1gln39gj31vh46ly87-source/home/modules/tui/nixvim/plugins/lualine.nix' has been renamed to `plugins.lualine.settings.options.globalstatus'.
trace: evaluation warning: The option `services.xserver.xkbVariant' defined in `/nix/store/fxgzxqypfi6zdh1gln39gj31vh46ly87-source/configuration.nix' has been renamed to `services.xserver.xkb.variant'.
trace: evaluation warning: The option `services.xserver.layout' defined in `/nix/store/fxgzxqypfi6zdh1gln39gj31vh46ly87-source/configuration.nix' has been renamed to `services.xserver.xkb.layout'.
trace: evaluation warning: The ‘gnome.adwaita-icon-theme’ was moved to top-level. Please use ‘pkgs.adwaita-icon-theme’ directly.
these 23 derivations will be built:
  /nix/store/crrvaharahi27a2l101vclrkxpqgs4hj-builder.pl.drv
  /nix/store/7047wh8bqc41snij88w8wjhj4dall162-dummy-fc-dir2.drv
  /nix/store/a33k5qlkjj0d4fzy2iymv8vjdwcwcgdy-dummy-fc-dir1.drv
  /nix/store/jllpwink8yyrhv5m8ia40vryi3fw52d4-dummy-xdg-mime-dirs1.drv
  /nix/store/kjv5jpwz6gc55k4lqmsrr6ilhj397a9l-dummy-xdg-mime-dirs2.drv
  /nix/store/mz92mrzv3sbb9h95wylzx90mznjnkhxb-home-manager-path.drv
  /nix/store/03akh94hy5iwmnad7wnyvzkxyhfgzlvx-user-environment.drv
  /nix/store/19zrd6y4sag0z8q6jksi70arymls5381-unit-pipewire.socket-disabled.drv
  /nix/store/3k9fqksl2wd6p3j5ya76jrvmd8x0h5la-stage-2-init.sh.drv
  /nix/store/70c7y0ra14w67cdhfzdjjrdj3pz5h8cx-unit-console-getty.service-disabled.drv
  /nix/store/jkf4m68hc0pwscqjvcbvpw65srh88r77-unit-wireplumber.service-disabled.drv
  /nix/store/papc67cax3sk5airdgwg3nxcwvb0w3zc-unit-pipewire.service-disabled.drv
  /nix/store/983l9xx29mj194mzrqhxg120nda0wv88-hm_fontconfigconf.d10hmfonts.conf.drv
  /nix/store/qv0s317hvwi3sl25d94vqpg4q18599ck-home-manager-files.drv
  /nix/store/vkh9080n9l0142wx7jlxqlbvpgvdyvrr-activation-script.drv
  /nix/store/mih8bx5w1r0yy7a7qidxqjnrbn0g1v78-home-manager-generation.drv
  /nix/store/ykda2slw6y8ggnhgg8mkjzlcymhp3dxd-unit-home-manager-tesdap.service.drv
  /nix/store/7nwcbcvn1ddc02x0ibjk52j64dq8m7sh-system-units.drv
  /nix/store/619yvy2mvgaqa3gp0h510x2rc62b9vgk-etc.drv
  /nix/store/9m5fk05xagnh79z6c3yyj4wksy9y70cy-perl-5.38.2-env.drv
  /nix/store/g1zpvw3f4v6hhvbinxl2hlwxsakbwid6-ensure-all-wrappers-paths-exist.drv
  /nix/store/szdqpi7l6xz0ip477yqhkm85ks4vmd22-boot.json.drv
  /nix/store/qqgjgs72hp5248mg0a3a7fspym9i2bdg-nixos-system-penguin-B-24.11.20240906.574d1ea.drv
these 14 paths will be fetched (3.88 MiB download, 26.87 MiB unpacked):
  /nix/store/1pb62il321nf0wk1p2k1plh8kz59zfxm-cairomm-1.18.0
  /nix/store/wmmaishnf7lmmjrz52nl39sn6a1hmp5p-check-sshd-config
  /nix/store/01chnb9y7qa25cp1xmx6m7fnf88nc3z5-die-hook
  /nix/store/ql456a62nirv1xhfj73f3zj77i2ibn8j-glibmm-2.80.0
  /nix/store/mvl6qmkrp9qhl1w8lgkdv4xv0qagn3wa-gtkmm-4.14.0
  /nix/store/z6qs006qk1vlr2s2vwyrcf64v3wr9wr2-libsigc++-3.6.0
  /nix/store/mmk2n1byk7wjijkm7snh549shbg61ybn-lndir-1.0.5
  /nix/store/rqhixa2sdx1k9gvxcrgzb5h05x68iay1-make-binary-wrapper-hook
  /nix/store/y2hsygxffx6rswk0l7ycppigqcpdl0lp-make-shell-wrapper-hook
  /nix/store/pmv5hn7gq0pxydbhh5zzymx63xp4jzl1-pangomm-2.52.0
  /nix/store/a119qvpq613nyfic16qsw0sn58a7x4j0-pavucontrol-6.0
  /nix/store/ipbnryjpd346qyxmimxj6573wj7qfbav-perl5.38.2-Config-IniFiles-3.000003
  /nix/store/ipjwd2g1kbfra83kd0dglx26xv7kn50n-stdenv-linux
  /nix/store/r6wr1h5cijb5nk41c90icxy3nm6g35z8-texinfo-7.1
copying path '/nix/store/wmmaishnf7lmmjrz52nl39sn6a1hmp5p-check-sshd-config' from 'https://cache.nixos.org'...
copying path '/nix/store/01chnb9y7qa25cp1xmx6m7fnf88nc3z5-die-hook' from 'https://cache.nixos.org'...
copying path '/nix/store/ipjwd2g1kbfra83kd0dglx26xv7kn50n-stdenv-linux' from 'https://cache.nixos.org'...
copying path '/nix/store/ipbnryjpd346qyxmimxj6573wj7qfbav-perl5.38.2-Config-IniFiles-3.000003' from 'https://cache.nixos.org'...
copying path '/nix/store/mmk2n1byk7wjijkm7snh549shbg61ybn-lndir-1.0.5' from 'https://cache.nixos.org'...
copying path '/nix/store/r6wr1h5cijb5nk41c90icxy3nm6g35z8-texinfo-7.1' from 'https://cache.nixos.org'...
copying path '/nix/store/z6qs006qk1vlr2s2vwyrcf64v3wr9wr2-libsigc++-3.6.0' from 'https://cache.nixos.org'...
copying path '/nix/store/y2hsygxffx6rswk0l7ycppigqcpdl0lp-make-shell-wrapper-hook' from 'https://cache.nixos.org'...
copying path '/nix/store/rqhixa2sdx1k9gvxcrgzb5h05x68iay1-make-binary-wrapper-hook' from 'https://cache.nixos.org'...
building '/nix/store/vkh9080n9l0142wx7jlxqlbvpgvdyvrr-activation-script.drv'...
building '/nix/store/szdqpi7l6xz0ip477yqhkm85ks4vmd22-boot.json.drv'...
building '/nix/store/crrvaharahi27a2l101vclrkxpqgs4hj-builder.pl.drv'...
building '/nix/store/a33k5qlkjj0d4fzy2iymv8vjdwcwcgdy-dummy-fc-dir1.drv'...
building '/nix/store/7047wh8bqc41snij88w8wjhj4dall162-dummy-fc-dir2.drv'...
building '/nix/store/jllpwink8yyrhv5m8ia40vryi3fw52d4-dummy-xdg-mime-dirs1.drv'...
building '/nix/store/kjv5jpwz6gc55k4lqmsrr6ilhj397a9l-dummy-xdg-mime-dirs2.drv'...
building '/nix/store/g1zpvw3f4v6hhvbinxl2hlwxsakbwid6-ensure-all-wrappers-paths-exist.drv'...
building '/nix/store/3k9fqksl2wd6p3j5ya76jrvmd8x0h5la-stage-2-init.sh.drv'...
building '/nix/store/70c7y0ra14w67cdhfzdjjrdj3pz5h8cx-unit-console-getty.service-disabled.drv'...
building '/nix/store/papc67cax3sk5airdgwg3nxcwvb0w3zc-unit-pipewire.service-disabled.drv'...
building '/nix/store/19zrd6y4sag0z8q6jksi70arymls5381-unit-pipewire.socket-disabled.drv'...
building '/nix/store/jkf4m68hc0pwscqjvcbvpw65srh88r77-unit-wireplumber.service-disabled.drv'...
copying path '/nix/store/ql456a62nirv1xhfj73f3zj77i2ibn8j-glibmm-2.80.0' from 'https://cache.nixos.org'...
copying path '/nix/store/1pb62il321nf0wk1p2k1plh8kz59zfxm-cairomm-1.18.0' from 'https://cache.nixos.org'...
building '/nix/store/9m5fk05xagnh79z6c3yyj4wksy9y70cy-perl-5.38.2-env.drv'...
copying path '/nix/store/pmv5hn7gq0pxydbhh5zzymx63xp4jzl1-pangomm-2.52.0' from 'https://cache.nixos.org'...
copying path '/nix/store/mvl6qmkrp9qhl1w8lgkdv4xv0qagn3wa-gtkmm-4.14.0' from 'https://cache.nixos.org'...
copying path '/nix/store/a119qvpq613nyfic16qsw0sn58a7x4j0-pavucontrol-6.0' from 'https://cache.nixos.org'...
building '/nix/store/mz92mrzv3sbb9h95wylzx90mznjnkhxb-home-manager-path.drv'...
building '/nix/store/983l9xx29mj194mzrqhxg120nda0wv88-hm_fontconfigconf.d10hmfonts.conf.drv'...
building '/nix/store/03akh94hy5iwmnad7wnyvzkxyhfgzlvx-user-environment.drv'...
building '/nix/store/qv0s317hvwi3sl25d94vqpg4q18599ck-home-manager-files.drv'...
building '/nix/store/mih8bx5w1r0yy7a7qidxqjnrbn0g1v78-home-manager-generation.drv'...
building '/nix/store/ykda2slw6y8ggnhgg8mkjzlcymhp3dxd-unit-home-manager-tesdap.service.drv'...
building '/nix/store/7nwcbcvn1ddc02x0ibjk52j64dq8m7sh-system-units.drv'...
building '/nix/store/619yvy2mvgaqa3gp0h510x2rc62b9vgk-etc.drv'...
building '/nix/store/qqgjgs72hp5248mg0a3a7fspym9i2bdg-nixos-system-penguin-B-24.11.20240906.574d1ea.drv'...
activating the configuration...
setting up /etc...
reloading user units for tesdap...
restarting sysinit-reactivation.target
restarting the following units: home-manager-tesdap.service
the following new units were started: libvirtd.service, run-credentials-systemd\x2dtmpfiles\x2dresetup.service.mount, sysinit-reactivation.target, systemd-tmpfiles-resetup.service
